<?xml version="1.0" encoding="UTF-8"?>
<testng-results skipped="2" failed="1" total="7" passed="4">
  <reporter-output>
  </reporter-output>
  <suite name="Default suite" duration-ms="9529" started-at="2018-08-14T09:15:07Z" finished-at="2018-08-14T09:15:16Z">
    <groups>
    </groups>
    <test name="Default test" duration-ms="9529" started-at="2018-08-14T09:15:07Z" finished-at="2018-08-14T09:15:16Z">
      <class name="extentReportPkg.exTentReportsClass">
        <test-method status="PASS" signature="starttest()[pri:0, instance:extentReportPkg.exTentReportsClass@61832929]" name="starttest" is-config="true" duration-ms="129" started-at="2018-08-14T14:45:07Z" finished-at="2018-08-14T14:45:07Z">
          <reporter-output>
          </reporter-output>
        </test-method> <!-- starttest -->
        <test-method status="FAIL" signature="FailTest()[pri:0, instance:extentReportPkg.exTentReportsClass@61832929]" name="FailTest" duration-ms="8675" started-at="2018-08-14T14:45:07Z" finished-at="2018-08-14T14:45:16Z">
          <exception class="org.junit.ComparisonFailure">
            <message>
              <![CDATA[expected:<[https://www.google.co.in/]> but was:<[NoTitle]>]]>
            </message>
            <full-stacktrace>
              <![CDATA[org.junit.ComparisonFailure: expected:<[https://www.google.co.in/]> but was:<[NoTitle]>
	at org.junit.Assert.assertEquals(Assert.java:125)
	at org.junit.Assert.assertEquals(Assert.java:147)
	at extentReportPkg.exTentReportsClass.FailTest(exTentReportsClass.java:86)
	at sun.reflect.NativeMethodAccessorImpl.invoke0(Native Method)
	at sun.reflect.NativeMethodAccessorImpl.invoke(NativeMethodAccessorImpl.java:62)
	at sun.reflect.DelegatingMethodAccessorImpl.invoke(DelegatingMethodAccessorImpl.java:43)
	at java.lang.reflect.Method.invoke(Method.java:498)
	at org.testng.internal.MethodInvocationHelper.invokeMethod(MethodInvocationHelper.java:85)
	at org.testng.internal.Invoker.invokeMethod(Invoker.java:639)
	at org.testng.internal.Invoker.invokeTestMethod(Invoker.java:816)
	at org.testng.internal.Invoker.invokeTestMethods(Invoker.java:1124)
	at org.testng.internal.TestMethodWorker.invokeTestMethods(TestMethodWorker.java:125)
	at org.testng.internal.TestMethodWorker.run(TestMethodWorker.java:108)
	at org.testng.TestRunner.privateRun(TestRunner.java:774)
	at org.testng.TestRunner.run(TestRunner.java:624)
	at org.testng.SuiteRunner.runTest(SuiteRunner.java:359)
	at org.testng.SuiteRunner.runSequentially(SuiteRunner.java:354)
	at org.testng.SuiteRunner.privateRun(SuiteRunner.java:312)
	at org.testng.SuiteRunner.run(SuiteRunner.java:261)
	at org.testng.SuiteRunnerWorker.runSuite(SuiteRunnerWorker.java:52)
	at org.testng.SuiteRunnerWorker.run(SuiteRunnerWorker.java:86)
	at org.testng.TestNG.runSuitesSequentially(TestNG.java:1215)
	at org.testng.TestNG.runSuitesLocally(TestNG.java:1140)
	at org.testng.TestNG.run(TestNG.java:1048)
	at org.testng.remote.AbstractRemoteTestNG.run(AbstractRemoteTestNG.java:114)
	at org.testng.remote.RemoteTestNG.initAndRun(RemoteTestNG.java:251)
	at org.testng.remote.RemoteTestNG.main(RemoteTestNG.java:77)
]]>
            </full-stacktrace>
          </exception> <!-- org.junit.ComparisonFailure -->
          <reporter-output>
          </reporter-output>
        </test-method> <!-- FailTest -->
        <test-method status="PASS" signature="getResult(org.testng.ITestResult)[pri:0, instance:extentReportPkg.exTentReportsClass@61832929]" name="getResult" is-config="true" duration-ms="327" started-at="2018-08-14T14:45:16Z" finished-at="2018-08-14T14:45:16Z">
          <params>
            <param index="0">
              <value>
                <![CDATA[[TestResult name=FailTest status=FAILURE method=exTentReportsClass.FailTest()[pri:0, instance:extentReportPkg.exTentReportsClass@61832929] output={null}]]]>
              </value>
            </param>
          </params>
          <reporter-output>
          </reporter-output>
        </test-method> <!-- getResult -->
        <test-method status="PASS" signature="FailTest1()[pri:0, instance:extentReportPkg.exTentReportsClass@61832929]" name="FailTest1" duration-ms="1" started-at="2018-08-14T14:45:16Z" finished-at="2018-08-14T14:45:16Z">
          <reporter-output>
          </reporter-output>
        </test-method> <!-- FailTest1 -->
        <test-method status="PASS" signature="getResult(org.testng.ITestResult)[pri:0, instance:extentReportPkg.exTentReportsClass@61832929]" name="getResult" is-config="true" duration-ms="0" started-at="2018-08-14T14:45:16Z" finished-at="2018-08-14T14:45:16Z">
          <params>
            <param index="0">
              <value>
                <![CDATA[[TestResult name=FailTest1 status=SUCCESS method=exTentReportsClass.FailTest1()[pri:0, instance:extentReportPkg.exTentReportsClass@61832929] output={null}]]]>
              </value>
            </param>
          </params>
          <reporter-output>
          </reporter-output>
        </test-method> <!-- getResult -->
        <test-method status="PASS" signature="passTest()[pri:0, instance:extentReportPkg.exTentReportsClass@61832929]" name="passTest" duration-ms="1" started-at="2018-08-14T14:45:16Z" finished-at="2018-08-14T14:45:16Z">
          <reporter-output>
          </reporter-output>
        </test-method> <!-- passTest -->
        <test-method status="PASS" signature="getResult(org.testng.ITestResult)[pri:0, instance:extentReportPkg.exTentReportsClass@61832929]" name="getResult" is-config="true" duration-ms="0" started-at="2018-08-14T14:45:16Z" finished-at="2018-08-14T14:45:16Z">
          <params>
            <param index="0">
              <value>
                <![CDATA[[TestResult name=passTest status=SUCCESS method=exTentReportsClass.passTest()[pri:0, instance:extentReportPkg.exTentReportsClass@61832929] output={null}]]]>
              </value>
            </param>
          </params>
          <reporter-output>
          </reporter-output>
        </test-method> <!-- getResult -->
        <test-method status="PASS" signature="passTest1()[pri:0, instance:extentReportPkg.exTentReportsClass@61832929]" name="passTest1" duration-ms="1" started-at="2018-08-14T14:45:16Z" finished-at="2018-08-14T14:45:16Z">
          <reporter-output>
          </reporter-output>
        </test-method> <!-- passTest1 -->
        <test-method status="PASS" signature="getResult(org.testng.ITestResult)[pri:0, instance:extentReportPkg.exTentReportsClass@61832929]" name="getResult" is-config="true" duration-ms="0" started-at="2018-08-14T14:45:16Z" finished-at="2018-08-14T14:45:16Z">
          <params>
            <param index="0">
              <value>
                <![CDATA[[TestResult name=passTest1 status=SUCCESS method=exTentReportsClass.passTest1()[pri:0, instance:extentReportPkg.exTentReportsClass@61832929] output={null}]]]>
              </value>
            </param>
          </params>
          <reporter-output>
          </reporter-output>
        </test-method> <!-- getResult -->
        <test-method status="PASS" signature="passTest2()[pri:0, instance:extentReportPkg.exTentReportsClass@61832929]" name="passTest2" duration-ms="2" started-at="2018-08-14T14:45:16Z" finished-at="2018-08-14T14:45:16Z">
          <reporter-output>
          </reporter-output>
        </test-method> <!-- passTest2 -->
        <test-method status="PASS" signature="getResult(org.testng.ITestResult)[pri:0, instance:extentReportPkg.exTentReportsClass@61832929]" name="getResult" is-config="true" duration-ms="0" started-at="2018-08-14T14:45:16Z" finished-at="2018-08-14T14:45:16Z">
          <params>
            <param index="0">
              <value>
                <![CDATA[[TestResult name=passTest2 status=SUCCESS method=exTentReportsClass.passTest2()[pri:0, instance:extentReportPkg.exTentReportsClass@61832929] output={null}]]]>
              </value>
            </param>
          </params>
          <reporter-output>
          </reporter-output>
        </test-method> <!-- getResult -->
        <test-method status="SKIP" signature="skipTest()[pri:0, instance:extentReportPkg.exTentReportsClass@61832929]" name="skipTest" duration-ms="1" started-at="2018-08-14T14:45:16Z" finished-at="2018-08-14T14:45:16Z">
          <exception class="org.testng.SkipException">
            <message>
              <![CDATA[This is not ready for testing ]]>
            </message>
            <full-stacktrace>
              <![CDATA[org.testng.SkipException: This is not ready for testing 
	at extentReportPkg.exTentReportsClass.skipTest(exTentReportsClass.java:102)
	at sun.reflect.NativeMethodAccessorImpl.invoke0(Native Method)
	at sun.reflect.NativeMethodAccessorImpl.invoke(NativeMethodAccessorImpl.java:62)
	at sun.reflect.DelegatingMethodAccessorImpl.invoke(DelegatingMethodAccessorImpl.java:43)
	at java.lang.reflect.Method.invoke(Method.java:498)
	at org.testng.internal.MethodInvocationHelper.invokeMethod(MethodInvocationHelper.java:85)
	at org.testng.internal.Invoker.invokeMethod(Invoker.java:639)
	at org.testng.internal.Invoker.invokeTestMethod(Invoker.java:816)
	at org.testng.internal.Invoker.invokeTestMethods(Invoker.java:1124)
	at org.testng.internal.TestMethodWorker.invokeTestMethods(TestMethodWorker.java:125)
	at org.testng.internal.TestMethodWorker.run(TestMethodWorker.java:108)
	at org.testng.TestRunner.privateRun(TestRunner.java:774)
	at org.testng.TestRunner.run(TestRunner.java:624)
	at org.testng.SuiteRunner.runTest(SuiteRunner.java:359)
	at org.testng.SuiteRunner.runSequentially(SuiteRunner.java:354)
	at org.testng.SuiteRunner.privateRun(SuiteRunner.java:312)
	at org.testng.SuiteRunner.run(SuiteRunner.java:261)
	at org.testng.SuiteRunnerWorker.runSuite(SuiteRunnerWorker.java:52)
	at org.testng.SuiteRunnerWorker.run(SuiteRunnerWorker.java:86)
	at org.testng.TestNG.runSuitesSequentially(TestNG.java:1215)
	at org.testng.TestNG.runSuitesLocally(TestNG.java:1140)
	at org.testng.TestNG.run(TestNG.java:1048)
	at org.testng.remote.AbstractRemoteTestNG.run(AbstractRemoteTestNG.java:114)
	at org.testng.remote.RemoteTestNG.initAndRun(RemoteTestNG.java:251)
	at org.testng.remote.RemoteTestNG.main(RemoteTestNG.java:77)
]]>
            </full-stacktrace>
          </exception> <!-- org.testng.SkipException -->
          <reporter-output>
          </reporter-output>
        </test-method> <!-- skipTest -->
        <test-method status="PASS" signature="getResult(org.testng.ITestResult)[pri:0, instance:extentReportPkg.exTentReportsClass@61832929]" name="getResult" is-config="true" duration-ms="1" started-at="2018-08-14T14:45:16Z" finished-at="2018-08-14T14:45:16Z">
          <params>
            <param index="0">
              <value>
                <![CDATA[[TestResult name=skipTest status=SKIP method=exTentReportsClass.skipTest()[pri:0, instance:extentReportPkg.exTentReportsClass@61832929] output={null}]]]>
              </value>
            </param>
          </params>
          <reporter-output>
          </reporter-output>
        </test-method> <!-- getResult -->
        <test-method status="SKIP" signature="skipTest1()[pri:0, instance:extentReportPkg.exTentReportsClass@61832929]" name="skipTest1" duration-ms="13" started-at="2018-08-14T14:45:16Z" finished-at="2018-08-14T14:45:16Z">
          <exception class="org.testng.SkipException">
            <message>
              <![CDATA[This is not ready for testing ]]>
            </message>
            <full-stacktrace>
              <![CDATA[org.testng.SkipException: This is not ready for testing 
	at extentReportPkg.exTentReportsClass.skipTest1(exTentReportsClass.java:107)
	at sun.reflect.NativeMethodAccessorImpl.invoke0(Native Method)
	at sun.reflect.NativeMethodAccessorImpl.invoke(NativeMethodAccessorImpl.java:62)
	at sun.reflect.DelegatingMethodAccessorImpl.invoke(DelegatingMethodAccessorImpl.java:43)
	at java.lang.reflect.Method.invoke(Method.java:498)
	at org.testng.internal.MethodInvocationHelper.invokeMethod(MethodInvocationHelper.java:85)
	at org.testng.internal.Invoker.invokeMethod(Invoker.java:639)
	at org.testng.internal.Invoker.invokeTestMethod(Invoker.java:816)
	at org.testng.internal.Invoker.invokeTestMethods(Invoker.java:1124)
	at org.testng.internal.TestMethodWorker.invokeTestMethods(TestMethodWorker.java:125)
	at org.testng.internal.TestMethodWorker.run(TestMethodWorker.java:108)
	at org.testng.TestRunner.privateRun(TestRunner.java:774)
	at org.testng.TestRunner.run(TestRunner.java:624)
	at org.testng.SuiteRunner.runTest(SuiteRunner.java:359)
	at org.testng.SuiteRunner.runSequentially(SuiteRunner.java:354)
	at org.testng.SuiteRunner.privateRun(SuiteRunner.java:312)
	at org.testng.SuiteRunner.run(SuiteRunner.java:261)
	at org.testng.SuiteRunnerWorker.runSuite(SuiteRunnerWorker.java:52)
	at org.testng.SuiteRunnerWorker.run(SuiteRunnerWorker.java:86)
	at org.testng.TestNG.runSuitesSequentially(TestNG.java:1215)
	at org.testng.TestNG.runSuitesLocally(TestNG.java:1140)
	at org.testng.TestNG.run(TestNG.java:1048)
	at org.testng.remote.AbstractRemoteTestNG.run(AbstractRemoteTestNG.java:114)
	at org.testng.remote.RemoteTestNG.initAndRun(RemoteTestNG.java:251)
	at org.testng.remote.RemoteTestNG.main(RemoteTestNG.java:77)
]]>
            </full-stacktrace>
          </exception> <!-- org.testng.SkipException -->
          <reporter-output>
          </reporter-output>
        </test-method> <!-- skipTest1 -->
        <test-method status="PASS" signature="getResult(org.testng.ITestResult)[pri:0, instance:extentReportPkg.exTentReportsClass@61832929]" name="getResult" is-config="true" duration-ms="1" started-at="2018-08-14T14:45:16Z" finished-at="2018-08-14T14:45:16Z">
          <params>
            <param index="0">
              <value>
                <![CDATA[[TestResult name=skipTest1 status=SKIP method=exTentReportsClass.skipTest1()[pri:0, instance:extentReportPkg.exTentReportsClass@61832929] output={null}]]]>
              </value>
            </param>
          </params>
          <reporter-output>
          </reporter-output>
        </test-method> <!-- getResult -->
        <test-method status="PASS" signature="endReport()[pri:0, instance:extentReportPkg.exTentReportsClass@61832929]" name="endReport" is-config="true" duration-ms="350" started-at="2018-08-14T14:45:16Z" finished-at="2018-08-14T14:45:16Z">
          <reporter-output>
          </reporter-output>
        </test-method> <!-- endReport -->
      </class> <!-- extentReportPkg.exTentReportsClass -->
    </test> <!-- Default test -->
  </suite> <!-- Default suite -->
</testng-results>
